# JRE version: OpenJDK Runtime Environment Temurin-21.0.10+7 (21.0.10+7) (build 21.0.10+7-LTS)
# Java VM: OpenJDK 64-Bit Server VM Temurin-21.0.10+7 (21.0.10+7-LTS, mixed mode, sharing, tiered, compressed oops, compressed class ptrs, parallel gc, windows-amd64)
GC Precious Log:
 CardTable entry size: 512
 CPUs: 14 total, 14 available
 Memory: 32220M
 Large Page Support: Disabled
 NUMA Support: Disabled
 Compressed Oops: Enabled (32-bit)
 Alignments: Space 512K, Generation 512K, Heap 2M
 Heap Min Capacity: 100M
 Heap Initial Capacity: 100M
 Heap Max Capacity: 2G
 Pre-touch: Disabled
 Parallel Workers: 11
Heap:
 PSYoungGen      total 11264K, used 4272K [0x00000000d5580000, 0x00000000d6600000, 0x0000000100000000)
  eden space 10752K, 35% used [0x00000000d5580000,0x00000000d5931678,0x00000000d6000000)
  from space 512K, 95% used [0x00000000d6400000,0x00000000d647ac88,0x00000000d6480000)
  to   space 3072K, 0% used [0x00000000d6000000,0x00000000d6000000,0x00000000d6300000)
 ParOldGen       total 108032K, used 96437K [0x0000000080000000, 0x0000000086980000, 0x00000000d5580000)
  object space 108032K, 89% used [0x0000000080000000,0x0000000085e2d650,0x0000000086980000)
 Metaspace       used 76511K, committed 78080K, reserved 1179648K
  class space    used 7817K, committed 8512K, reserved 1048576K
GC Heap History (20 events):
Event: 137.871 GC heap before
{Heap before GC invocations=103 (full 4):
 PSYoungGen      total 12800K, used 12788K [0x00000000d5580000, 0x00000000d6880000, 0x0000000100000000)
  eden space 11776K, 100% used [0x00000000d5580000,0x00000000d6100000,0x00000000d6100000)
  from space 1024K, 98% used [0x00000000d6400000,0x00000000d64fd200,0x00000000d6500000)
  to   space 3072K, 0% used [0x00000000d6100000,0x00000000d6100000,0x00000000d6400000)
 ParOldGen       total 108032K, used 86146K [0x0000000080000000, 0x0000000086980000, 0x00000000d5580000)
  object space 108032K, 79% used [0x0000000080000000,0x0000000085420890,0x0000000086980000)
 Metaspace       used 75367K, committed 76864K, reserved 1179648K
  class space    used 7751K, committed 8448K, reserved 1048576K
}
Event: 137.874 GC heap after
{Heap after GC invocations=103 (full 4):
 PSYoungGen      total 12800K, used 944K [0x00000000d5580000, 0x00000000d6480000, 0x0000000100000000)
  eden space 11776K, 0% used [0x00000000d5580000,0x00000000d5580000,0x00000000d6100000)
  from space 1024K, 92% used [0x00000000d6100000,0x00000000d61ec010,0x00000000d6200000)
  to   space 1536K, 0% used [0x00000000d6300000,0x00000000d6300000,0x00000000d6480000)
 ParOldGen       total 108032K, used 87221K [0x0000000080000000, 0x0000000086980000, 0x00000000d5580000)
  object space 108032K, 80% used [0x0000000080000000,0x000000008552d7b0,0x0000000086980000)
 Metaspace       used 75367K, committed 76864K, reserved 1179648K
  class space    used 7751K, committed 8448K, reserved 1048576K
}
Event: 138.175 GC heap before
{Heap before GC invocations=104 (full 4):
 PSYoungGen      total 12800K, used 12707K [0x00000000d5580000, 0x00000000d6480000, 0x0000000100000000)
  eden space 11776K, 99% used [0x00000000d5580000,0x00000000d60fcfd8,0x00000000d6100000)
  from space 1024K, 92% used [0x00000000d6100000,0x00000000d61ec010,0x00000000d6200000)
  to   space 1536K, 0% used [0x00000000d6300000,0x00000000d6300000,0x00000000d6480000)
 ParOldGen       total 108032K, used 87221K [0x0000000080000000, 0x0000000086980000, 0x00000000d5580000)
  object space 108032K, 80% used [0x0000000080000000,0x000000008552d7b0,0x0000000086980000)
 Metaspace       used 75385K, committed 76928K, reserved 1179648K
  class space    used 7751K, committed 8448K, reserved 1048576K
}
Event: 138.177 GC heap after
{Heap after GC invocations=104 (full 4):
 PSYoungGen      total 12288K, used 1527K [0x00000000d5580000, 0x00000000d6700000, 0x0000000100000000)
  eden space 10752K, 0% used [0x00000000d5580000,0x00000000d5580000,0x00000000d6000000)
  from space 1536K, 99% used [0x00000000d6300000,0x00000000d647df20,0x00000000d6480000)
  to   space 3072K, 0% used [0x00000000d6000000,0x00000000d6000000,0x00000000d6300000)
 ParOldGen       total 108032K, used 88330K [0x0000000080000000, 0x0000000086980000, 0x00000000d5580000)
  object space 108032K, 81% used [0x0000000080000000,0x0000000085642b70,0x0000000086980000)
 Metaspace       used 75385K, committed 76928K, reserved 1179648K
  class space    used 7751K, committed 8448K, reserved 1048576K
}
Event: 138.354 GC heap before
{Heap before GC invocations=105 (full 4):
 PSYoungGen      total 12288K, used 12279K [0x00000000d5580000, 0x00000000d6700000, 0x0000000100000000)
  eden space 10752K, 100% used [0x00000000d5580000,0x00000000d6000000,0x00000000d6000000)
  from space 1536K, 99% used [0x00000000d6300000,0x00000000d647df20,0x00000000d6480000)
  to   space 3072K, 0% used [0x00000000d6000000,0x00000000d6000000,0x00000000d6300000)
 ParOldGen       total 108032K, used 88330K [0x0000000080000000, 0x0000000086980000, 0x00000000d5580000)
  object space 108032K, 81% used [0x0000000080000000,0x0000000085642b70,0x0000000086980000)
 Metaspace       used 75410K, committed 76928K, reserved 1179648K
  class space    used 7751K, committed 8448K, reserved 1048576K
}
Event: 138.357 GC heap after
{Heap after GC invocations=105 (full 4):
 PSYoungGen      total 13824K, used 2876K [0x00000000d5580000, 0x00000000d6600000, 0x0000000100000000)
  eden space 10752K, 0% used [0x00000000d5580000,0x00000000d5580000,0x00000000d6000000)
  from space 3072K, 93% used [0x00000000d6000000,0x00000000d62cf050,0x00000000d6300000)
  to   space 3072K, 0% used [0x00000000d6300000,0x00000000d6300000,0x00000000d6600000)
 ParOldGen       total 108032K, used 89725K [0x0000000080000000, 0x0000000086980000, 0x00000000d5580000)
  object space 108032K, 83% used [0x0000000080000000,0x000000008579f670,0x0000000086980000)
 Metaspace       used 75410K, committed 76928K, reserved 1179648K
  class space    used 7751K, committed 8448K, reserved 1048576K
}
Event: 138.669 GC heap before
{Heap before GC invocations=106 (full 4):
 PSYoungGen      total 13824K, used 13628K [0x00000000d5580000, 0x00000000d6600000, 0x0000000100000000)
  eden space 10752K, 100% used [0x00000000d5580000,0x00000000d6000000,0x00000000d6000000)
  from space 3072K, 93% used [0x00000000d6000000,0x00000000d62cf050,0x00000000d6300000)
  to   space 3072K, 0% used [0x00000000d6300000,0x00000000d6300000,0x00000000d6600000)
 ParOldGen       total 108032K, used 89725K [0x0000000080000000, 0x0000000086980000, 0x00000000d5580000)
  object space 108032K, 83% used [0x0000000080000000,0x000000008579f670,0x0000000086980000)
 Metaspace       used 75441K, committed 76992K, reserved 1179648K
  class space    used 7751K, committed 8448K, reserved 1048576K
}
Event: 138.673 GC heap after
{Heap after GC invocations=106 (full 4):
 PSYoungGen      total 12800K, used 1745K [0x00000000d5580000, 0x00000000d6500000, 0x0000000100000000)
  eden space 10752K, 0% used [0x00000000d5580000,0x00000000d5580000,0x00000000d6000000)
  from space 2048K, 85% used [0x00000000d6300000,0x00000000d64b4700,0x00000000d6500000)
  to   space 2560K, 0% used [0x00000000d6000000,0x00000000d6000000,0x00000000d6280000)
 ParOldGen       total 108032K, used 90686K [0x0000000080000000, 0x0000000086980000, 0x00000000d5580000)
  object space 108032K, 83% used [0x0000000080000000,0x000000008588fb40,0x0000000086980000)
 Metaspace       used 75441K, committed 76992K, reserved 1179648K
  class space    used 7751K, committed 8448K, reserved 1048576K
}
Event: 139.907 GC heap before
{Heap before GC invocations=107 (full 4):
 PSYoungGen      total 12800K, used 12485K [0x00000000d5580000, 0x00000000d6500000, 0x0000000100000000)
  eden space 10752K, 99% used [0x00000000d5580000,0x00000000d5ffce80,0x00000000d6000000)
  from space 2048K, 85% used [0x00000000d6300000,0x00000000d64b4700,0x00000000d6500000)
  to   space 2560K, 0% used [0x00000000d6000000,0x00000000d6000000,0x00000000d6280000)
 ParOldGen       total 108032K, used 90686K [0x0000000080000000, 0x0000000086980000, 0x00000000d5580000)
  object space 108032K, 83% used [0x0000000080000000,0x000000008588fb40,0x0000000086980000)
 Metaspace       used 75472K, committed 76992K, reserved 1179648K
  class space    used 7751K, committed 8448K, reserved 1048576K
}
Event: 139.911 GC heap after
{Heap after GC invocations=107 (full 4):
 PSYoungGen      total 13312K, used 2534K [0x00000000d5580000, 0x00000000d6900000, 0x0000000100000000)
  eden space 10752K, 0% used [0x00000000d5580000,0x00000000d5580000,0x00000000d6000000)
  from space 2560K, 99% used [0x00000000d6000000,0x00000000d6279a50,0x00000000d6280000)
  to   space 4608K, 0% used [0x00000000d6480000,0x00000000d6480000,0x00000000d6900000)
 ParOldGen       total 108032K, used 92237K [0x0000000080000000, 0x0000000086980000, 0x00000000d5580000)
  object space 108032K, 85% used [0x0000000080000000,0x0000000085a13580,0x0000000086980000)
 Metaspace       used 75472K, committed 76992K, reserved 1179648K
  class space    used 7751K, committed 8448K, reserved 1048576K
}
Event: 141.914 GC heap before
{Heap before GC invocations=108 (full 4):
 PSYoungGen      total 13312K, used 13177K [0x00000000d5580000, 0x00000000d6900000, 0x0000000100000000)
  eden space 10752K, 98% used [0x00000000d5580000,0x00000000d5fe4a68,0x00000000d6000000)
  from space 2560K, 99% used [0x00000000d6000000,0x00000000d6279a50,0x00000000d6280000)
  to   space 4608K, 0% used [0x00000000d6480000,0x00000000d6480000,0x00000000d6900000)
 ParOldGen       total 108032K, used 92237K [0x0000000080000000, 0x0000000086980000, 0x00000000d5580000)
  object space 108032K, 85% used [0x0000000080000000,0x0000000085a13580,0x0000000086980000)
 Metaspace       used 75528K, committed 77056K, reserved 1179648K
  class space    used 7755K, committed 8448K, reserved 1048576K
}
Event: 141.916 GC heap after
{Heap after GC invocations=108 (full 4):
 PSYoungGen      total 12288K, used 1419K [0x00000000d5580000, 0x00000000d6600000, 0x0000000100000000)
  eden space 10752K, 0% used [0x00000000d5580000,0x00000000d5580000,0x00000000d6000000)
  from space 1536K, 92% used [0x00000000d6480000,0x00000000d65e2fd8,0x00000000d6600000)
  to   space 2560K, 0% used [0x00000000d6100000,0x00000000d6100000,0x00000000d6380000)
 ParOldGen       total 108032K, used 92900K [0x0000000080000000, 0x0000000086980000, 0x00000000d5580000)
  object space 108032K, 85% used [0x0000000080000000,0x0000000085ab91f8,0x0000000086980000)
 Metaspace       used 75528K, committed 77056K, reserved 1179648K
  class space    used 7755K, committed 8448K, reserved 1048576K
}
Event: 142.552 GC heap before
{Heap before GC invocations=109 (full 4):
 PSYoungGen      total 12288K, used 12171K [0x00000000d5580000, 0x00000000d6600000, 0x0000000100000000)
  eden space 10752K, 100% used [0x00000000d5580000,0x00000000d6000000,0x00000000d6000000)
  from space 1536K, 92% used [0x00000000d6480000,0x00000000d65e2fd8,0x00000000d6600000)
  to   space 2560K, 0% used [0x00000000d6100000,0x00000000d6100000,0x00000000d6380000)
 ParOldGen       total 108032K, used 92900K [0x0000000080000000, 0x0000000086980000, 0x00000000d5580000)
  object space 108032K, 85% used [0x0000000080000000,0x0000000085ab91f8,0x0000000086980000)
 Metaspace       used 75532K, committed 77056K, reserved 1179648K
  class space    used 7755K, committed 8448K, reserved 1048576K
}
Event: 142.554 GC heap after
{Heap after GC invocations=109 (full 4):
 PSYoungGen      total 13312K, used 340K [0x00000000d5580000, 0x00000000d6500000, 0x0000000100000000)
  eden space 10752K, 0% used [0x00000000d5580000,0x00000000d5580000,0x00000000d6000000)
  from space 2560K, 13% used [0x00000000d6100000,0x00000000d6155200,0x00000000d6380000)
  to   space 1024K, 0% used [0x00000000d6400000,0x00000000d6400000,0x00000000d6500000)
 ParOldGen       total 108032K, used 94050K [0x0000000080000000, 0x0000000086980000, 0x00000000d5580000)
  object space 108032K, 87% used [0x0000000080000000,0x0000000085bd8aa8,0x0000000086980000)
 Metaspace       used 75532K, committed 77056K, reserved 1179648K
  class space    used 7755K, committed 8448K, reserved 1048576K
}
Event: 146.956 GC heap before
{Heap before GC invocations=110 (full 4):
 PSYoungGen      total 13312K, used 11092K [0x00000000d5580000, 0x00000000d6500000, 0x0000000100000000)
  eden space 10752K, 100% used [0x00000000d5580000,0x00000000d6000000,0x00000000d6000000)
  from space 2560K, 13% used [0x00000000d6100000,0x00000000d6155200,0x00000000d6380000)
  to   space 1024K, 0% used [0x00000000d6400000,0x00000000d6400000,0x00000000d6500000)
 ParOldGen       total 108032K, used 94050K [0x0000000080000000, 0x0000000086980000, 0x00000000d5580000)
  object space 108032K, 87% used [0x0000000080000000,0x0000000085bd8aa8,0x0000000086980000)
 Metaspace       used 75681K, committed 77248K, reserved 1179648K
  class space    used 7765K, committed 8448K, reserved 1048576K
}
Event: 146.958 GC heap after
{Heap after GC invocations=110 (full 4):
 PSYoungGen      total 11776K, used 608K [0x00000000d5580000, 0x00000000d6500000, 0x0000000100000000)
  eden space 10752K, 0% used [0x00000000d5580000,0x00000000d5580000,0x00000000d6000000)
  from space 1024K, 59% used [0x00000000d6400000,0x00000000d6498020,0x00000000d6500000)
  to   space 1024K, 0% used [0x00000000d6300000,0x00000000d6300000,0x00000000d6400000)
 ParOldGen       total 108032K, used 94122K [0x0000000080000000, 0x0000000086980000, 0x00000000d5580000)
  object space 108032K, 87% used [0x0000000080000000,0x0000000085beaaa8,0x0000000086980000)
 Metaspace       used 75681K, committed 77248K, reserved 1179648K
  class space    used 7765K, committed 8448K, reserved 1048576K
}
Event: 147.215 GC heap before
{Heap before GC invocations=111 (full 4):
 PSYoungGen      total 11776K, used 11360K [0x00000000d5580000, 0x00000000d6500000, 0x0000000100000000)
  eden space 10752K, 100% used [0x00000000d5580000,0x00000000d6000000,0x00000000d6000000)
  from space 1024K, 59% used [0x00000000d6400000,0x00000000d6498020,0x00000000d6500000)
  to   space 1024K, 0% used [0x00000000d6300000,0x00000000d6300000,0x00000000d6400000)
 ParOldGen       total 108032K, used 94122K [0x0000000080000000, 0x0000000086980000, 0x00000000d5580000)
  object space 108032K, 87% used [0x0000000080000000,0x0000000085beaaa8,0x0000000086980000)
 Metaspace       used 75681K, committed 77248K, reserved 1179648K
  class space    used 7765K, committed 8448K, reserved 1048576K
}
Event: 147.217 GC heap after
{Heap after GC invocations=111 (full 4):
 PSYoungGen      total 11776K, used 1002K [0x00000000d5580000, 0x00000000d6480000, 0x0000000100000000)
  eden space 10752K, 0% used [0x00000000d5580000,0x00000000d5580000,0x00000000d6000000)
  from space 1024K, 97% used [0x00000000d6300000,0x00000000d63fa910,0x00000000d6400000)
  to   space 512K, 0% used [0x00000000d6400000,0x00000000d6400000,0x00000000d6480000)
 ParOldGen       total 108032K, used 94414K [0x0000000080000000, 0x0000000086980000, 0x00000000d5580000)
  object space 108032K, 87% used [0x0000000080000000,0x0000000085c33a20,0x0000000086980000)
 Metaspace       used 75681K, committed 77248K, reserved 1179648K
  class space    used 7765K, committed 8448K, reserved 1048576K
}
Event: 316.470 GC heap before
{Heap before GC invocations=112 (full 4):
 PSYoungGen      total 11776K, used 11754K [0x00000000d5580000, 0x00000000d6480000, 0x0000000100000000)
  eden space 10752K, 100% used [0x00000000d5580000,0x00000000d6000000,0x00000000d6000000)
  from space 1024K, 97% used [0x00000000d6300000,0x00000000d63fa910,0x00000000d6400000)
  to   space 512K, 0% used [0x00000000d6400000,0x00000000d6400000,0x00000000d6480000)
 ParOldGen       total 108032K, used 94414K [0x0000000080000000, 0x0000000086980000, 0x00000000d5580000)
  object space 108032K, 87% used [0x0000000080000000,0x0000000085c33a20,0x0000000086980000)
 Metaspace       used 76135K, committed 77760K, reserved 1179648K
  class space    used 7789K, committed 8512K, reserved 1048576K
}
Event: 316.473 GC heap after
{Heap after GC invocations=112 (full 4):
 PSYoungGen      total 11264K, used 491K [0x00000000d5580000, 0x00000000d6600000, 0x0000000100000000)
  eden space 10752K, 0% used [0x00000000d5580000,0x00000000d5580000,0x00000000d6000000)
  from space 512K, 95% used [0x00000000d6400000,0x00000000d647ac88,0x00000000d6480000)
  to   space 3072K, 0% used [0x00000000d6000000,0x00000000d6000000,0x00000000d6300000)
 ParOldGen       total 108032K, used 96437K [0x0000000080000000, 0x0000000086980000, 0x00000000d5580000)
  object space 108032K, 89% used [0x0000000080000000,0x0000000085e2d650,0x0000000086980000)
 Metaspace       used 76135K, committed 77760K, reserved 1179648K
  class space    used 7789K, committed 8512K, reserved 1048576K
}

